<?xml version="1.0" encoding="UTF-8"?>
<!-- Generated by org.testng.reporters.JUnitXMLReporter -->
<testsuite ignored="0" hostname="Gudiya" failures="1" tests="1" name="Test" time="26.303" errors="0" timestamp="2025-10-07T13:17:36 IST">
  <testcase classname="com.amazon.homepage.AmazonWristWatchAssignment" name="amazonFilterTestCases" time="26.237">
    <failure type="java.lang.NullPointerException" message="Cannot invoke &amp;quot;String.replaceAll(String, String)&amp;quot; because the return value of &amp;quot;org.openqa.selenium.WebElement.getAttribute(String)&amp;quot; is null">
      <![CDATA[java.lang.NullPointerException: Cannot invoke "String.replaceAll(String, String)" because the return value of "org.openqa.selenium.WebElement.getAttribute(String)" is null
at com.amazon.homepage.AmazonWristWatchAssignment.setSliderToPrice(AmazonWristWatchAssignment.java:63)
at com.amazon.homepage.AmazonWristWatchAssignment.amazonFilterTestCases(AmazonWristWatchAssignment.java:39)
at java.base/java.util.ArrayList.forEach(ArrayList.java:1596)
... Removed 25 stack frames]]>
    </failure>
  </testcase> <!-- amazonFilterTestCases -->
</testsuite> <!-- Test -->
