<?xml version="1.0" encoding="UTF-8"?>
<testng-results ignored="0" total="1" passed="1" failed="0" skipped="0">
  <reporter-output>
  </reporter-output>
  <suite started-at="2025-10-07T15:30:57 IST" name="Default suite" finished-at="2025-10-07T15:31:45 IST" duration-ms="47775">
    <groups>
    </groups>
    <test started-at="2025-10-07T15:30:57 IST" name="Default test" finished-at="2025-10-07T15:31:45 IST" duration-ms="47775">
      <class name="com.amazon.homepage.AmazonWristWatchAssignment">
        <test-method signature="amazonFilterTestCases()[pri:0, instance:com.amazon.homepage.AmazonWristWatchAssignment@1725dc0f]" started-at="2025-10-07T15:30:57 IST" name="amazonFilterTestCases" finished-at="2025-10-07T15:31:45 IST" duration-ms="47732" status="PASS">
          <reporter-output>
          </reporter-output>
        </test-method> <!-- amazonFilterTestCases -->
      </class> <!-- com.amazon.homepage.AmazonWristWatchAssignment -->
    </test> <!-- Default test -->
  </suite> <!-- Default suite -->
</testng-results>
